<?xml version="1.0" encoding="UTF-8"?>
<!-- Generated by org.testng.reporters.JUnitReportReporter -->
<testsuite hostname="EPRUSARW1779" failures="0" tests="4" name="TestRunner" time="0.344" errors="0" timestamp="14 Jan 2020 12:02:39 GMT" skipped="0">
  <testcase classname="TestRunner" name="runScenario" time="0.086"/>
  <testcase classname="TestRunner" name="runScenario" time="0.086"/>
  <testcase classname="TestRunner" name="runScenario" time="0.086"/>
  <testcase classname="TestRunner" name="runScenario" time="0.086"/>
</testsuite> <!-- TestRunner -->
